[  429111ms] [WARNING] [Vue warn]: Failed to resolve component: ChevronDown
If this is a native custom element, make sure to exclude it from component resolution via compilerOptions.isCustomElement. 
  at <BarcodeView onVnodeUnmounted=fn<onVnodeUnmounted> ref=Ref< null > > 
  at <RouterView> 
  at <App> @ http://localhost:5173/tools/node_modules/.vite/deps/chunk-UFUI7XLO.js?v=1eacc94a:2203
[  440091ms] [WARNING] [Vue warn]: Failed to resolve component: ChevronDown
If this is a native custom element, make sure to exclude it from component resolution via compilerOptions.isCustomElement. 
  at <BarcodeView onVnodeUnmounted=fn<onVnodeUnmounted> ref=Ref< null > > 
  at <RouterView> 
  at <App> @ http://localhost:5173/tools/node_modules/.vite/deps/chunk-UFUI7XLO.js?v=1eacc94a:2203
[  440093ms] [WARNING] [Vue warn]: Property "showCustomization" was accessed during render but is not defined on instance. 
  at <ToolPageLayout title="Générateur de Code-barres EAN" description="Générez des codes-barres EAN-13 conformes aux standards retail pour vos maquettes." category="print" > 
  at <BarcodeView onVnodeUnmounted=fn<onVnodeUnmounted> ref=Ref< null > > 
  at <RouterView> 
  at <App> @ http://localhost:5173/tools/node_modules/.vite/deps/chunk-UFUI7XLO.js?v=1eacc94a:2203
[  440094ms] [WARNING] [Vue warn]: Property "showCustomization" was accessed during render but is not defined on instance. 
  at <ToolPageLayout title="Générateur de Code-barres EAN" description="Générez des codes-barres EAN-13 conformes aux standards retail pour vos maquettes." category="print" > 
  at <BarcodeView onVnodeUnmounted=fn<onVnodeUnmounted> ref=Ref< null > > 
  at <RouterView> 
  at <App> @ http://localhost:5173/tools/node_modules/.vite/deps/chunk-UFUI7XLO.js?v=1eacc94a:2203
[  440096ms] [WARNING] [intlify] Not found 'barcode.colors.navy' key in 'fr' locale messages. @ http://localhost:5173/tools/node_modules/.vite/deps/vue-i18n.js?v=1eacc94a:26
[  440096ms] [WARNING] [intlify] Fall back to translate 'barcode.colors.navy' key with 'en' locale. @ http://localhost:5173/tools/node_modules/.vite/deps/vue-i18n.js?v=1eacc94a:26
[  440097ms] [WARNING] [intlify] Not found 'barcode.colors.navy' key in 'en' locale messages. @ http://localhost:5173/tools/node_modules/.vite/deps/vue-i18n.js?v=1eacc94a:26
[  440097ms] [WARNING] [intlify] Not found 'barcode.colors.darkred' key in 'fr' locale messages. @ http://localhost:5173/tools/node_modules/.vite/deps/vue-i18n.js?v=1eacc94a:26
[  440097ms] [WARNING] [intlify] Fall back to translate 'barcode.colors.darkred' key with 'en' locale. @ http://localhost:5173/tools/node_modules/.vite/deps/vue-i18n.js?v=1eacc94a:26
[  440097ms] [WARNING] [intlify] Not found 'barcode.colors.darkred' key in 'en' locale messages. @ http://localhost:5173/tools/node_modules/.vite/deps/vue-i18n.js?v=1eacc94a:26
[  440097ms] [WARNING] [intlify] Not found 'barcode.colors.darkslate' key in 'fr' locale messages. @ http://localhost:5173/tools/node_modules/.vite/deps/vue-i18n.js?v=1eacc94a:26
[  440097ms] [WARNING] [intlify] Fall back to translate 'barcode.colors.darkslate' key with 'en' locale. @ http://localhost:5173/tools/node_modules/.vite/deps/vue-i18n.js?v=1eacc94a:26
[  440097ms] [WARNING] [intlify] Not found 'barcode.colors.darkslate' key in 'en' locale messages. @ http://localhost:5173/tools/node_modules/.vite/deps/vue-i18n.js?v=1eacc94a:26
[  440097ms] [WARNING] [intlify] Not found 'barcode.colors.darkgray' key in 'fr' locale messages. @ http://localhost:5173/tools/node_modules/.vite/deps/vue-i18n.js?v=1eacc94a:26
[  440097ms] [WARNING] [intlify] Fall back to translate 'barcode.colors.darkgray' key with 'en' locale. @ http://localhost:5173/tools/node_modules/.vite/deps/vue-i18n.js?v=1eacc94a:26
[  440098ms] [WARNING] [intlify] Not found 'barcode.colors.darkgray' key in 'en' locale messages. @ http://localhost:5173/tools/node_modules/.vite/deps/vue-i18n.js?v=1eacc94a:26
[  440099ms] [WARNING] [Vue warn]: Property "showCustomization" was accessed during render but is not defined on instance. 
  at <ToolPageLayout title="Générateur de Code-barres EAN" description="Générez des codes-barres EAN-13 conformes aux standards retail pour vos maquettes." category="print" > 
  at <BarcodeView onVnodeUnmounted=fn<onVnodeUnmounted> ref=Ref< null > > 
  at <RouterView> 
  at <App> @ http://localhost:5173/tools/node_modules/.vite/deps/chunk-UFUI7XLO.js?v=1eacc94a:2203
[  476495ms] [WARNING] [intlify] Not found 'barcode.colors.navy' key in 'fr' locale messages. @ http://localhost:5173/tools/node_modules/.vite/deps/vue-i18n.js?v=1eacc94a:26
[  476495ms] [WARNING] [intlify] Fall back to translate 'barcode.colors.navy' key with 'en' locale. @ http://localhost:5173/tools/node_modules/.vite/deps/vue-i18n.js?v=1eacc94a:26
[  476495ms] [WARNING] [intlify] Not found 'barcode.colors.navy' key in 'en' locale messages. @ http://localhost:5173/tools/node_modules/.vite/deps/vue-i18n.js?v=1eacc94a:26
[  476495ms] [WARNING] [intlify] Not found 'barcode.colors.darkred' key in 'fr' locale messages. @ http://localhost:5173/tools/node_modules/.vite/deps/vue-i18n.js?v=1eacc94a:26
[  476495ms] [WARNING] [intlify] Fall back to translate 'barcode.colors.darkred' key with 'en' locale. @ http://localhost:5173/tools/node_modules/.vite/deps/vue-i18n.js?v=1eacc94a:26
[  476495ms] [WARNING] [intlify] Not found 'barcode.colors.darkred' key in 'en' locale messages. @ http://localhost:5173/tools/node_modules/.vite/deps/vue-i18n.js?v=1eacc94a:26
[  476496ms] [WARNING] [intlify] Not found 'barcode.colors.darkslate' key in 'fr' locale messages. @ http://localhost:5173/tools/node_modules/.vite/deps/vue-i18n.js?v=1eacc94a:26
[  476496ms] [WARNING] [intlify] Fall back to translate 'barcode.colors.darkslate' key with 'en' locale. @ http://localhost:5173/tools/node_modules/.vite/deps/vue-i18n.js?v=1eacc94a:26
[  476496ms] [WARNING] [intlify] Not found 'barcode.colors.darkslate' key in 'en' locale messages. @ http://localhost:5173/tools/node_modules/.vite/deps/vue-i18n.js?v=1eacc94a:26
[  476496ms] [WARNING] [intlify] Not found 'barcode.colors.darkgray' key in 'fr' locale messages. @ http://localhost:5173/tools/node_modules/.vite/deps/vue-i18n.js?v=1eacc94a:26
[  476496ms] [WARNING] [intlify] Fall back to translate 'barcode.colors.darkgray' key with 'en' locale. @ http://localhost:5173/tools/node_modules/.vite/deps/vue-i18n.js?v=1eacc94a:26
[  476496ms] [WARNING] [intlify] Not found 'barcode.colors.darkgray' key in 'en' locale messages. @ http://localhost:5173/tools/node_modules/.vite/deps/vue-i18n.js?v=1eacc94a:26
